<?xml version="1.0" encoding="UTF-8"?>
<!-- Generated by org.testng.reporters.JUnitReportReporter -->
<testsuite hostname="LAPTOP-U74TRLLP" name="com.forbes.testscript1.TestScript1" tests="1" failures="0" timestamp="2 May 2020 23:18:47 GMT" time="28.751" errors="0">
  <testcase name="testTestScript1" time="28.751" classname="com.forbes.testscript1.TestScript1"/>
</testsuite> <!-- com.forbes.testscript1.TestScript1 -->
